  MONGODB admin['$cmd'].find({:ismaster=>1}, {}).limit(-1)
  MONGODB admin['$cmd'].find({:buildinfo=>1}, {}).limit(-1)
  MONGODB admin['$cmd'].find({:ismaster=>1}, {}).limit(-1)
  MONGODB admin['$cmd'].find({:buildinfo=>1}, {}).limit(-1)
  MONGODB admin['$cmd'].find({:ismaster=>1}, {}).limit(-1)
  MONGODB admin['$cmd'].find({:buildinfo=>1}, {}).limit(-1)
  MONGODB admin['$cmd'].find({:ismaster=>1}, {}).limit(-1)
  MONGODB admin['$cmd'].find({:buildinfo=>1}, {}).limit(-1)
  MONGODB admin['$cmd'].find({:ismaster=>1}, {}).limit(-1)
  MONGODB admin['$cmd'].find({:buildinfo=>1}, {}).limit(-1)
admin['$cmd'].find({:ismaster=>1}, {}).limit(-1)
admin['$cmd'].find({:buildinfo=>1}, {}).limit(-1)
admin['$cmd'].find({:ismaster=>1}, {}).limit(-1)
admin['$cmd'].find({:buildinfo=>1}, {}).limit(-1)
admin['$cmd'].find({:ismaster=>1}, {}).limit(-1)
admin['$cmd'].find({:buildinfo=>1}, {}).limit(-1)
admin['$cmd'].find({:ismaster=>1}, {}).limit(-1)
admin['$cmd'].find({:buildinfo=>1}, {}).limit(-1)
admin['$cmd'].find({:ismaster=>1}, {}).limit(-1)
admin['$cmd'].find({:buildinfo=>1}, {}).limit(-1)
admin['$cmd'].find({:ismaster=>1}, {}).limit(-1)
admin['$cmd'].find({:buildinfo=>1}, {}).limit(-1)
admin['$cmd'].find({:ismaster=>1}, {}).limit(-1)
admin['$cmd'].find({:buildinfo=>1}, {}).limit(-1)
  MONGODB admin['$cmd'].find({:ismaster=>1}, {}).limit(-1)
  MONGODB admin['$cmd'].find({:buildinfo=>1}, {}).limit(-1)
  MONGODB admin['$cmd'].find({:ismaster=>1}, {}).limit(-1)
  MONGODB admin['$cmd'].find({:buildinfo=>1}, {}).limit(-1)
  MONGODB admin['$cmd'].find({:ismaster=>1}, {}).limit(-1)
  MONGODB admin['$cmd'].find({:buildinfo=>1}, {}).limit(-1)
  MONGODB admin['$cmd'].find({:ismaster=>1}, {}).limit(-1)
  MONGODB admin['$cmd'].find({:buildinfo=>1}, {}).limit(-1)
  MONGODB admin['$cmd'].find({:ismaster=>1}, {}).limit(-1)
  MONGODB admin['$cmd'].find({:buildinfo=>1}, {}).limit(-1)
  MONGODB admin['$cmd'].find({:ismaster=>1}, {}).limit(-1)
  MONGODB admin['$cmd'].find({:buildinfo=>1}, {}).limit(-1)
  MONGODB admin['$cmd'].find({:ismaster=>1}, {}).limit(-1)
  MONGODB admin['$cmd'].find({:buildinfo=>1}, {}).limit(-1)
  MONGODB admin['$cmd'].find({:ismaster=>1}, {}).limit(-1)
  MONGODB admin['$cmd'].find({:buildinfo=>1}, {}).limit(-1)
  MONGODB admin['$cmd'].find({:ismaster=>1}, {}).limit(-1)
  MONGODB admin['$cmd'].find({:buildinfo=>1}, {}).limit(-1)
  MONGODB admin['$cmd'].find({:ismaster=>1}, {}).limit(-1)
  MONGODB admin['$cmd'].find({:buildinfo=>1}, {}).limit(-1)
  MONGODB admin['$cmd'].find({:ismaster=>1}, {}).limit(-1)
  MONGODB admin['$cmd'].find({:buildinfo=>1}, {}).limit(-1)
  MONGODB admin['$cmd'].find({:ismaster=>1}, {}).limit(-1)
  MONGODB admin['$cmd'].find({:buildinfo=>1}, {}).limit(-1)
  MONGODB admin['$cmd'].find({:ismaster=>1}, {}).limit(-1)
  MONGODB admin['$cmd'].find({:buildinfo=>1}, {}).limit(-1)
  MONGODB admin['$cmd'].find({:ismaster=>1}, {}).limit(-1)
  MONGODB admin['$cmd'].find({:buildinfo=>1}, {}).limit(-1)
  MONGODB admin['$cmd'].find({:ismaster=>1}, {}).limit(-1)
  MONGODB admin['$cmd'].find({:buildinfo=>1}, {}).limit(-1)
  MONGODB admin['$cmd'].find({:ismaster=>1}, {}).limit(-1)
  MONGODB admin['$cmd'].find({:buildinfo=>1}, {}).limit(-1)
  MONGODB admin['$cmd'].find({:ismaster=>1}, {}).limit(-1)
  MONGODB admin['$cmd'].find({:buildinfo=>1}, {}).limit(-1)
  MONGODB admin['$cmd'].find({:ismaster=>1}, {}).limit(-1)
  MONGODB admin['$cmd'].find({:buildinfo=>1}, {}).limit(-1)
  MONGODB admin['$cmd'].find({:ismaster=>1}, {}).limit(-1)
  MONGODB admin['$cmd'].find({:buildinfo=>1}, {}).limit(-1)
  MONGODB admin['$cmd'].find({:ismaster=>1}, {}).limit(-1)
  MONGODB admin['$cmd'].find({:buildinfo=>1}, {}).limit(-1)
  MONGODB admin['$cmd'].find({:ismaster=>1}, {}).limit(-1)
  MONGODB admin['$cmd'].find({:buildinfo=>1}, {}).limit(-1)
  MONGODB admin['$cmd'].find({:ismaster=>1}, {}).limit(-1)
  MONGODB admin['$cmd'].find({:buildinfo=>1}, {}).limit(-1)
  MONGODB admin['$cmd'].find({:ismaster=>1}, {}).limit(-1)
  MONGODB admin['$cmd'].find({:buildinfo=>1}, {}).limit(-1)
  MONGODB admin['$cmd'].find({:ismaster=>1}, {}).limit(-1)
  MONGODB admin['$cmd'].find({:buildinfo=>1}, {}).limit(-1)
  MONGODB admin['$cmd'].find({:ismaster=>1}, {}).limit(-1)
  MONGODB admin['$cmd'].find({:buildinfo=>1}, {}).limit(-1)
  MONGODB admin['$cmd'].find({:ismaster=>1}, {}).limit(-1)
  MONGODB admin['$cmd'].find({:buildinfo=>1}, {}).limit(-1)
  MONGODB admin['$cmd'].find({:ismaster=>1}, {}).limit(-1)
  MONGODB admin['$cmd'].find({:buildinfo=>1}, {}).limit(-1)
  MONGODB admin['$cmd'].find({:ismaster=>1}, {}).limit(-1)
  MONGODB admin['$cmd'].find({:buildinfo=>1}, {}).limit(-1)
  MONGODB admin['$cmd'].find({:ismaster=>1}, {}).limit(-1)
  MONGODB admin['$cmd'].find({:buildinfo=>1}, {}).limit(-1)
  MONGODB admin['$cmd'].find({:ismaster=>1}, {}).limit(-1)
  MONGODB admin['$cmd'].find({:buildinfo=>1}, {}).limit(-1)
  MONGODB admin['$cmd'].find({:ismaster=>1}, {}).limit(-1)
  MONGODB admin['$cmd'].find({:buildinfo=>1}, {}).limit(-1)
  MONGODB admin['$cmd'].find({:ismaster=>1}, {}).limit(-1)
  MONGODB admin['$cmd'].find({:buildinfo=>1}, {}).limit(-1)
  MONGODB admin['$cmd'].find({:ismaster=>1}, {}).limit(-1)
  MONGODB admin['$cmd'].find({:buildinfo=>1}, {}).limit(-1)
  MONGODB admin['$cmd'].find({:ismaster=>1}, {}).limit(-1)
  MONGODB admin['$cmd'].find({:buildinfo=>1}, {}).limit(-1)
  MONGODB admin['$cmd'].find({:ismaster=>1}, {}).limit(-1)
  MONGODB admin['$cmd'].find({:buildinfo=>1}, {}).limit(-1)
  MONGODB admin['$cmd'].find({:ismaster=>1}, {}).limit(-1)
  MONGODB admin['$cmd'].find({:buildinfo=>1}, {}).limit(-1)
  MONGODB admin['$cmd'].find({:ismaster=>1}, {}).limit(-1)
  MONGODB admin['$cmd'].find({:buildinfo=>1}, {}).limit(-1)
  MONGODB admin['$cmd'].find({:ismaster=>1}, {}).limit(-1)
  MONGODB admin['$cmd'].find({:buildinfo=>1}, {}).limit(-1)
  MONGODB admin['$cmd'].find({:ismaster=>1}, {}).limit(-1)
  MONGODB admin['$cmd'].find({:buildinfo=>1}, {}).limit(-1)
  MONGODB admin['$cmd'].find({:ismaster=>1}, {}).limit(-1)
  MONGODB admin['$cmd'].find({:buildinfo=>1}, {}).limit(-1)
  MONGODB admin['$cmd'].find({:ismaster=>1}, {}).limit(-1)
  MONGODB admin['$cmd'].find({:buildinfo=>1}, {}).limit(-1)


Started GET "/students" for 127.0.0.1 at Sun Oct 10 07:02:23 -0500 2010
  Processing by StudentsController#index as HTML
  MONGODB admin['$cmd'].find({:ismaster=>1}, {}).limit(-1)
  MONGODB agape_development['students'].find({}, {})
Rendered students/index.html.haml within layouts/application (28.4ms)
Completed 200 OK in 57ms (Views: 56.7ms)
  MONGODB admin['$cmd'].find({:ismaster=>1}, {}).limit(-1)
  MONGODB admin['$cmd'].find({:buildinfo=>1}, {}).limit(-1)
  MONGODB admin['$cmd'].find({:ismaster=>1}, {}).limit(-1)
  MONGODB admin['$cmd'].find({:buildinfo=>1}, {}).limit(-1)
  MONGODB admin['$cmd'].find({:ismaster=>1}, {}).limit(-1)
  MONGODB admin['$cmd'].find({:buildinfo=>1}, {}).limit(-1)
  MONGODB admin['$cmd'].find({:ismaster=>1}, {}).limit(-1)
  MONGODB admin['$cmd'].find({:buildinfo=>1}, {}).limit(-1)
  MONGODB admin['$cmd'].find({:ismaster=>1}, {}).limit(-1)
  MONGODB admin['$cmd'].find({:buildinfo=>1}, {}).limit(-1)
  MONGODB admin['$cmd'].find({:ismaster=>1}, {}).limit(-1)
  MONGODB admin['$cmd'].find({:buildinfo=>1}, {}).limit(-1)
